<?xml version="1.0" encoding="UTF-8"?>
<!-- Generated by org.testng.reporters.JUnitReportReporter -->
<testsuite hostname="AYANOKOJI" failures="0" tests="1" name="testcases.practice" time="0.011" errors="0" timestamp="2023-09-06T09:45:36 IST" skipped="0">
  <testcase classname="testcases.practice" name="read" time="0.011"/>
  <system-out/>
</testsuite> <!-- testcases.practice -->
