<?xml version="1.0" encoding="UTF-8"?>
<!-- Generated by org.testng.reporters.JUnitReportReporter -->
<testsuite hostname="AYANOKOJI" failures="0" tests="1" name="testcases.practice2" time="0.009" errors="0" timestamp="2023-09-06T12:30:49 IST" skipped="0">
  <testcase classname="testcases.practice2" name="write" time="0.009"/>
  <system-out/>
</testsuite> <!-- testcases.practice2 -->
