<?xml version="1.0" encoding="UTF-8"?>
<!-- Generated by org.testng.reporters.JUnitReportReporter -->
<testsuite hostname="AYANOKOJI" failures="0" tests="2" name="testcases.Register" time="8.318" errors="0" timestamp="2023-06-18T17:50:00 IST" skipped="0">
  <testcase classname="testcases.Register" name="registerWithValidCredintials" time="3.984"/>
  <system-out/>
  <testcase classname="testcases.Register" name="registerWithoutCredintials" time="4.334"/>
  <system-out/>
</testsuite> <!-- testcases.Register -->
